Using pre-set license
Built from '2020.3/staging' branch; Version is '2020.3.18f1 (a7d1c678663c) revision 10998214'; Using compiler version '192528614'; Build Type 'Release'
OS: 'Windows 8.1  (6.3.0) 64bit' Language: 'en' Physical Memory: 3673 MB
BatchMode: 1, IsHumanControllingUs: 0, StartBugReporterOnCrash: 0, Is64bit: 1, IsPro: 0

COMMAND LINE ARGUMENTS:
C:\Program Files\Unity\Hub\Editor\2020.3.18f1\Editor\Unity.exe
-adb2
-batchMode
-noUpm
-name
AssetImportWorker0
-projectPath
C:/Unity/Plaftorm2D_UAS_A11.2019.11724
-logFile
Logs/AssetImportWorker0.log
-srvPort
64427
Successfully changed project path to: C:/Unity/Plaftorm2D_UAS_A11.2019.11724
C:/Unity/Plaftorm2D_UAS_A11.2019.11724
Using Asset Import Pipeline V2.
Refreshing native plugins compatible for Editor in 254.51 ms, found 3 plugins.
Preloading 0 native plugins for Editor in 0.00 ms.
Initialize engine version: 2020.3.18f1 (a7d1c678663c)
[Subsystems] Discovering subsystems at path C:/Program Files/Unity/Hub/Editor/2020.3.18f1/Editor/Data/Resources/UnitySubsystems
[Subsystems] Discovering subsystems at path C:/Unity/Plaftorm2D_UAS_A11.2019.11724/Assets
GfxDevice: creating device client; threaded=0
d3d11: QueryInterface(IDXGIFactory5) failed (80004002).
Direct3D:
    Version:  Direct3D 11.0 [level 11.0]
    Renderer: AMD Radeon HD 7340 Graphics (ID=0x9808)
    Vendor:   
    VRAM:     1205 MB
    Driver:   15.301.1901.0
Initialize mono
Mono path[0] = 'C:/Program Files/Unity/Hub/Editor/2020.3.18f1/Editor/Data/Managed'
Mono path[1] = 'C:/Program Files/Unity/Hub/Editor/2020.3.18f1/Editor/Data/MonoBleedingEdge/lib/mono/unityjit'
Mono config path = 'C:/Program Files/Unity/Hub/Editor/2020.3.18f1/Editor/Data/MonoBleedingEdge/etc'
Using monoOptions --debugger-agent=transport=dt_socket,embedding=1,server=y,suspend=n,address=127.0.0.1:56868
Begin MonoManager ReloadAssembly
Registering precompiled unity dll's ...
Register platform support module: C:/Program Files/Unity/Hub/Editor/2020.3.18f1/Editor/Data/PlaybackEngines/WebGLSupport/UnityEditor.WebGL.Extensions.dll
Register platform support module: C:/Program Files/Unity/Hub/Editor/2020.3.18f1/Editor/Data/PlaybackEngines/WindowsStandaloneSupport/UnityEditor.WindowsStandalone.Extensions.dll
Registered in 0.017788 seconds.
Native extension for WindowsStandalone target not found
Native extension for WebGL target not found
Refreshing native plugins compatible for Editor in 264.09 ms, found 3 plugins.
Preloading 0 native plugins for Editor in 0.00 ms.
Mono: successfully reloaded assembly
- Completed reload, in 10.756 seconds
Domain Reload Profiling:
	ReloadAssembly (10757ms)
		BeginReloadAssembly (337ms)
			ExecutionOrderSort (0ms)
			DisableScriptedObjects (0ms)
			BackupInstance (0ms)
			ReleaseScriptingObjects (0ms)
			CreateAndSetChildDomain (3ms)
		EndReloadAssembly (2966ms)
			LoadAssemblies (332ms)
			RebuildTransferFunctionScriptingTraits (1ms)
			SetupTypeCache (1076ms)
			ReleaseScriptCaches (0ms)
			RebuildScriptCaches (185ms)
			SetupLoadedEditorAssemblies (1263ms)
				LogAssemblyErrors (0ms)
				InitializePlatformSupportModulesInManaged (27ms)
				SetLoadedEditorAssemblies (1ms)
				RefreshPlugins (264ms)
				BeforeProcessingInitializeOnLoad (121ms)
				ProcessInitializeOnLoadAttributes (670ms)
				ProcessInitializeOnLoadMethodAttributes (178ms)
				AfterProcessingInitializeOnLoad (0ms)
				EditorAssembliesLoaded (1ms)
			ExecutionOrderSort2 (0ms)
			AwakeInstancesAfterBackupRestoration (0ms)
Platform modules already initialized, skipping
Registering precompiled user dll's ...
Registered in 0.011651 seconds.
Begin MonoManager ReloadAssembly
Native extension for WindowsStandalone target not found
Native extension for WebGL target not found
Refreshing native plugins compatible for Editor in 253.16 ms, found 3 plugins.
Preloading 0 native plugins for Editor in 0.00 ms.
Mono: successfully reloaded assembly
- Completed reload, in  6.785 seconds
Domain Reload Profiling:
	ReloadAssembly (6789ms)
		BeginReloadAssembly (820ms)
			ExecutionOrderSort (0ms)
			DisableScriptedObjects (33ms)
			BackupInstance (0ms)
			ReleaseScriptingObjects (1ms)
			CreateAndSetChildDomain (85ms)
		EndReloadAssembly (5610ms)
			LoadAssemblies (496ms)
			RebuildTransferFunctionScriptingTraits (1ms)
			SetupTypeCache (1872ms)
			ReleaseScriptCaches (2ms)
			RebuildScriptCaches (303ms)
			SetupLoadedEditorAssemblies (2129ms)
				LogAssemblyErrors (0ms)
				InitializePlatformSupportModulesInManaged (28ms)
				SetLoadedEditorAssemblies (1ms)
				RefreshPlugins (253ms)
				BeforeProcessingInitializeOnLoad (432ms)
				ProcessInitializeOnLoadAttributes (1313ms)
				ProcessInitializeOnLoadMethodAttributes (82ms)
				AfterProcessingInitializeOnLoad (19ms)
				EditorAssembliesLoaded (1ms)
			ExecutionOrderSort2 (0ms)
			AwakeInstancesAfterBackupRestoration (40ms)
Platform modules already initialized, skipping
========================================================================
Worker process is ready to serve import requests
Launched and connected shader compiler UnityShaderCompiler.exe after 0.07 seconds
Refreshing native plugins compatible for Editor in 2.17 ms, found 3 plugins.
Preloading 0 native plugins for Editor in 0.00 ms.
Unloading 2135 Unused Serialized files (Serialized files now loaded: 0)
System memory in use before: 96.5 MB.
System memory in use after: 96.6 MB.

Unloading 25 unused Assets to reduce memory usage. Loaded Objects now: 2579.
Total: 16.499481 ms (FindLiveObjects: 1.165862 ms CreateObjectMapping: 0.422414 ms MarkObjects: 14.728361 ms  DeleteObjects: 0.175603 ms)

AssetImportParameters requested are different than current active one (requested -> active):
  custom:framework-win-MediaFoundation: 216162199b28c13a410421893ffa2e32 -> 
  custom:video-decoder-ogg-theora: a1e56fd34408186e4bbccfd4996cb3dc -> 
  custom:container-muxer-webm: aa71ff27fc2769a1b78a27578f13a17b -> 
  custom:container-demuxer-webm: 4f35f7cbe854078d1ac9338744f61a02 -> 
  custom:container-demuxer-ogg: 62fdf1f143b41e24485cea50d1cbac27 -> 
  custom:video-encoder-webm-vp8: eb34c28f22e8b96e1ab97ce403110664 -> 
  custom:video-decoder-webm-vp8: 9c59270c3fd7afecdb556c50c9e8de78 -> 
  custom:audio-decoder-ogg-vorbis: bf7c407c2cedff20999df2af8eb42d56 -> 
  custom:audio-encoder-webm-vorbis: bf7c407c2cedff20999df2af8eb42d56 -> 
========================================================================
Received Import Request.
  path: Assets/Scripts/DialogueTrigger.cs
  artifactKey: Guid(1fa64ee1250c2dd478f56c50cf933d71) Importer(815301076,1909f56bfc062723c751e8b465ee728b)
Start importing Assets/Scripts/DialogueTrigger.cs using Guid(1fa64ee1250c2dd478f56c50cf933d71) Importer(815301076,1909f56bfc062723c751e8b465ee728b)  -> (artifact id: '86b4c32d76cb95426e9a9697730c8efa') in 0.234273 seconds 
  Import took 0.270958 seconds .

========================================================================
Received Import Request.
  Time since last request: 0.000921 seconds.
  path: Assets/Scripts/Core/CameraController.cs
  artifactKey: Guid(4c2d8cc3ebd58b64d8ed8e5608aad455) Importer(815301076,1909f56bfc062723c751e8b465ee728b)
Start importing Assets/Scripts/Core/CameraController.cs using Guid(4c2d8cc3ebd58b64d8ed8e5608aad455) Importer(815301076,1909f56bfc062723c751e8b465ee728b)  -> (artifact id: '3a3fa4f61cf75a75f14525bfd4b320fb') in 0.026829 seconds 
  Import took 0.059328 seconds .

========================================================================
Received Import Request.
  Time since last request: 0.031539 seconds.
  path: Assets/Scripts/DialogueManager.cs
  artifactKey: Guid(69c2e06cee95b4045b4c9919d562e9d1) Importer(815301076,1909f56bfc062723c751e8b465ee728b)
Start importing Assets/Scripts/DialogueManager.cs using Guid(69c2e06cee95b4045b4c9919d562e9d1) Importer(815301076,1909f56bfc062723c751e8b465ee728b)  -> (artifact id: '40e24d75db972add09eedfddeadfe922') in 0.114131 seconds 
  Import took 0.140789 seconds .

========================================================================
Received Import Request.
  Time since last request: 0.000179 seconds.
  path: Assets/Scripts/ScoreScript.cs
  artifactKey: Guid(8d8381a17d5f9e941a9eb63bf1015755) Importer(815301076,1909f56bfc062723c751e8b465ee728b)
Start importing Assets/Scripts/ScoreScript.cs using Guid(8d8381a17d5f9e941a9eb63bf1015755) Importer(815301076,1909f56bfc062723c751e8b465ee728b)  -> (artifact id: '49b3059ad24df85bc78409f207e9dd84') in 0.027922 seconds 
  Import took 0.065995 seconds .

========================================================================
Received Import Request.
  Time since last request: 0.001653 seconds.
  path: Assets/Scripts/Menu/GUIManager.cs
  artifactKey: Guid(abd7a1bab41a6a84589a8c82872c654a) Importer(815301076,1909f56bfc062723c751e8b465ee728b)
Start importing Assets/Scripts/Menu/GUIManager.cs using Guid(abd7a1bab41a6a84589a8c82872c654a) Importer(815301076,1909f56bfc062723c751e8b465ee728b)  -> (artifact id: '819e9f5b374c52b7ee7398feadf82ac1') in 0.015256 seconds 
  Import took 0.060026 seconds .

========================================================================
Received Import Request.
  Time since last request: 0.003558 seconds.
  path: Assets/Scripts/JumpPowerUp.cs
  artifactKey: Guid(22b97a5fb83b23f4686b66dd2ae41866) Importer(815301076,1909f56bfc062723c751e8b465ee728b)
Start importing Assets/Scripts/JumpPowerUp.cs using Guid(22b97a5fb83b23f4686b66dd2ae41866) Importer(815301076,1909f56bfc062723c751e8b465ee728b)  -> (artifact id: '6f63b0a38e905341ea1fdb1fb11880ec') in 0.032026 seconds 
  Import took 0.070467 seconds .

========================================================================
Received Import Request.
  Time since last request: 447.132089 seconds.
  path: Assets/Menu/MainMenu.cs
  artifactKey: Guid(b19f8f14f36ec3543a9a3a8d72fcd769) Importer(815301076,1909f56bfc062723c751e8b465ee728b)
Start importing Assets/Menu/MainMenu.cs using Guid(b19f8f14f36ec3543a9a3a8d72fcd769) Importer(815301076,1909f56bfc062723c751e8b465ee728b)  -> (artifact id: 'c5f9992d461aad496f54dd71250f4724') in 0.038478 seconds 
  Import took 0.078912 seconds .

========================================================================
Received Import Request.
  Time since last request: 1690.204901 seconds.
  path: Assets/Scripts/Rooms/Door.cs
  artifactKey: Guid(7e39ec0c074c46a4b8ed17123723f9a5) Importer(815301076,1909f56bfc062723c751e8b465ee728b)
Start importing Assets/Scripts/Rooms/Door.cs using Guid(7e39ec0c074c46a4b8ed17123723f9a5) Importer(815301076,1909f56bfc062723c751e8b465ee728b)  -> (artifact id: '24d1bc7d55b60c18910ce8ad6b8bcdf8') in 0.059545 seconds 
  Import took 1.053174 seconds .

========================================================================
Received Import Request.
  Time since last request: 286.560727 seconds.
  path: Assets/Scripts/Enemy/EnemyPatrol.cs
  artifactKey: Guid(d8bce47077ef50a4baeb8f6d36bc3c79) Importer(815301076,1909f56bfc062723c751e8b465ee728b)
Start importing Assets/Scripts/Enemy/EnemyPatrol.cs using Guid(d8bce47077ef50a4baeb8f6d36bc3c79) Importer(815301076,1909f56bfc062723c751e8b465ee728b)  -> (artifact id: 'b4f5980c07ba451196fd183f43dbc3b1') in 0.016373 seconds 
  Import took 0.921856 seconds .

========================================================================
Received Import Request.
  Time since last request: 411.731945 seconds.
  path: Assets/Scripts/Enemy/MeleeEnemy.cs
  artifactKey: Guid(e84493fce6c74224da9b1795b264bde8) Importer(815301076,1909f56bfc062723c751e8b465ee728b)
Start importing Assets/Scripts/Enemy/MeleeEnemy.cs using Guid(e84493fce6c74224da9b1795b264bde8) Importer(815301076,1909f56bfc062723c751e8b465ee728b)  -> (artifact id: 'c3ab039f1bfddc4eafaf1e66a204de47') in 0.020941 seconds 
  Import took 0.111144 seconds .

========================================================================
Received Import Request.
  Time since last request: 0.033018 seconds.
  path: Assets/Scripts/Enemy/MeleeEnemy.cs
  artifactKey: Guid(e84493fce6c74224da9b1795b264bde8) Importer(815301076,1909f56bfc062723c751e8b465ee728b)
Start importing Assets/Scripts/Enemy/MeleeEnemy.cs using Guid(e84493fce6c74224da9b1795b264bde8) Importer(815301076,1909f56bfc062723c751e8b465ee728b)  -> (artifact id: 'c3ab039f1bfddc4eafaf1e66a204de47') in 0.032503 seconds 
  Import took 0.053584 seconds .

========================================================================
Received Import Request.
  Time since last request: 237.756574 seconds.
  path: Assets/Scripts/Trap/Enemy_Sideway.cs
  artifactKey: Guid(b9813fecb03d5a74a9afc311305d69b8) Importer(815301076,1909f56bfc062723c751e8b465ee728b)
Start importing Assets/Scripts/Trap/Enemy_Sideway.cs using Guid(b9813fecb03d5a74a9afc311305d69b8) Importer(815301076,1909f56bfc062723c751e8b465ee728b)  -> (artifact id: '788068b70bdc2c50ca05f546290471bd') in 0.045388 seconds 
  Import took 0.069708 seconds .

========================================================================
Received Import Request.
  Time since last request: 261.707144 seconds.
  path: Assets/Scripts/Trap/Firetrap.cs
  artifactKey: Guid(85484d86c379dd340af1b0c5dd22dc5d) Importer(815301076,1909f56bfc062723c751e8b465ee728b)
Start importing Assets/Scripts/Trap/Firetrap.cs using Guid(85484d86c379dd340af1b0c5dd22dc5d) Importer(815301076,1909f56bfc062723c751e8b465ee728b)  -> (artifact id: '7892d7b6388509e5f5f0dd7029105885') in 0.023755 seconds 
  Import took 0.061236 seconds .

========================================================================
Received Import Request.
  Time since last request: 163.300864 seconds.
  path: Assets/Scripts/Health/Health.cs
  artifactKey: Guid(d8065746d34a2524fa1d3bfef102521a) Importer(815301076,1909f56bfc062723c751e8b465ee728b)
Start importing Assets/Scripts/Health/Health.cs using Guid(d8065746d34a2524fa1d3bfef102521a) Importer(815301076,1909f56bfc062723c751e8b465ee728b)  -> (artifact id: 'a301fc5b6ae8d6784d73a5be00228c23') in 0.034257 seconds 
  Import took 0.076992 seconds .

========================================================================
Received Import Request.
  Time since last request: 317.881559 seconds.
  path: Assets/Scripts/Dialogue.cs
  artifactKey: Guid(7b0a8fe8f5022994491a3a5ae565e022) Importer(815301076,1909f56bfc062723c751e8b465ee728b)
Start importing Assets/Scripts/Dialogue.cs using Guid(7b0a8fe8f5022994491a3a5ae565e022) Importer(815301076,1909f56bfc062723c751e8b465ee728b)  -> (artifact id: '77ac42a4b4a528856ddd566ecf947b7e') in 0.045663 seconds 
  Import took 0.087420 seconds .

